current directory: /Users/johannesm/appspace/blacksludge/path/ruby/3.1.0/gems/date-3.3.4/ext/date
/Users/johannesm/.rbenv/versions/3.1.2/bin/ruby extconf.rb
checking for rb_category_warn()... yes
checking for timezone in time.h with  -Werror... yes
checking for altzone in time.h with  -Werror... no
creating Makefile

current directory: /Users/johannesm/appspace/blacksludge/path/ruby/3.1.0/gems/date-3.3.4/ext/date
make DESTDIR\= sitearchdir\=./.gem.20240506-89656-hhqeby sitelibdir\=./.gem.20240506-89656-hhqeby clean

current directory: /Users/johannesm/appspace/blacksludge/path/ruby/3.1.0/gems/date-3.3.4/ext/date
make DESTDIR\= sitearchdir\=./.gem.20240506-89656-hhqeby sitelibdir\=./.gem.20240506-89656-hhqeby
compiling date_core.c
compiling date_parse.c
compiling date_strftime.c
compiling date_strptime.c
linking shared-object date_core.bundle

current directory: /Users/johannesm/appspace/blacksludge/path/ruby/3.1.0/gems/date-3.3.4/ext/date
make DESTDIR\= sitearchdir\=./.gem.20240506-89656-hhqeby sitelibdir\=./.gem.20240506-89656-hhqeby install
/usr/local/bin/ginstall -c -m 0755 date_core.bundle ./.gem.20240506-89656-hhqeby

current directory: /Users/johannesm/appspace/blacksludge/path/ruby/3.1.0/gems/date-3.3.4/ext/date
make DESTDIR\= sitearchdir\=./.gem.20240506-89656-hhqeby sitelibdir\=./.gem.20240506-89656-hhqeby clean
